<?xml version="1.0" encoding="UTF-8"?>
<!-- Generated by org.testng.reporters.JUnitReportReporter -->
<testsuite hostname="WRL388BiswajeetH" failures="0" tests="2" name="com.team.test.TestCases" time="0.218" errors="0" timestamp="2023-01-29T21:58:20 IST" skipped="0">
  <testcase classname="com.team.test.TestCases" name="wicketKeeperValidationTest" time="0.007"/>
  <system-out/>
  <testcase classname="com.team.test.TestCases" name="foreignPlayersValidationTest" time="0.211"/>
  <system-out/>
</testsuite> <!-- com.team.test.TestCases -->
